DEBUG:root:2015-09-20 09:52:44.700216 create vm called
DEBUG:root:2015-09-20 09:53:10.730047 create vm called
DEBUG:root:2015-09-20 09:57:19.344116 create vm called...
DEBUG:root:2015-09-20 09:57:19.344825 createVm : missed syntax  ...
DEBUG:root:2015-09-20 10:02:06.167304 create vm called...
INFO:urllib3.connectionpool:Starting new HTTP connection (1): controller
DEBUG:urllib3.connectionpool:Setting read timeout to None
DEBUG:urllib3.connectionpool:"POST /v2.0/tokens HTTP/1.1" 200 1447
INFO:urllib3.connectionpool:Starting new HTTP connection (1): controller
DEBUG:urllib3.connectionpool:Setting read timeout to None
DEBUG:urllib3.connectionpool:"GET /v2/4bd533deb4b84c3b951b0f5702c31a70/images HTTP/1.1" 200 541
INFO:urllib3.connectionpool:Starting new HTTP connection (1): controller
DEBUG:urllib3.connectionpool:Setting read timeout to None
DEBUG:urllib3.connectionpool:"GET /v2/4bd533deb4b84c3b951b0f5702c31a70/images/11565c96-b77b-49b4-aeeb-296867537e87 HTTP/1.1" 200 722
INFO:urllib3.connectionpool:Starting new HTTP connection (1): controller
DEBUG:urllib3.connectionpool:Setting read timeout to None
DEBUG:urllib3.connectionpool:"GET /v2/4bd533deb4b84c3b951b0f5702c31a70/flavors HTTP/1.1" 200 1209
INFO:urllib3.connectionpool:Starting new HTTP connection (1): controller
DEBUG:urllib3.connectionpool:Setting read timeout to None
DEBUG:urllib3.connectionpool:"GET /v2/4bd533deb4b84c3b951b0f5702c31a70/flavors/1 HTTP/1.1" 200 418
INFO:urllib3.connectionpool:Starting new HTTP connection (1): controller
DEBUG:urllib3.connectionpool:Setting read timeout to None
DEBUG:urllib3.connectionpool:"POST /v2/4bd533deb4b84c3b951b0f5702c31a70/servers HTTP/1.1" 202 436
INFO:urllib3.connectionpool:Starting new HTTP connection (1): controller
DEBUG:urllib3.connectionpool:Setting read timeout to None
DEBUG:urllib3.connectionpool:"GET /v2/4bd533deb4b84c3b951b0f5702c31a70/servers/7499cf2d-9007-44c3-8a70-5a1cfa478622 HTTP/1.1" 200 1456
DEBUG:root:2015-09-20 10:06:44.683738 create vm called...
INFO:urllib3.connectionpool:Starting new HTTP connection (1): controller
DEBUG:urllib3.connectionpool:Setting read timeout to None
DEBUG:urllib3.connectionpool:"POST /v2.0/tokens HTTP/1.1" 200 1447
INFO:urllib3.connectionpool:Starting new HTTP connection (1): controller
DEBUG:urllib3.connectionpool:Setting read timeout to None
DEBUG:urllib3.connectionpool:"GET /v2/4bd533deb4b84c3b951b0f5702c31a70/images HTTP/1.1" 200 541
INFO:urllib3.connectionpool:Starting new HTTP connection (1): controller
DEBUG:urllib3.connectionpool:Setting read timeout to None
DEBUG:urllib3.connectionpool:"GET /v2/4bd533deb4b84c3b951b0f5702c31a70/images/11565c96-b77b-49b4-aeeb-296867537e87 HTTP/1.1" 200 722
INFO:urllib3.connectionpool:Starting new HTTP connection (1): controller
DEBUG:urllib3.connectionpool:Setting read timeout to None
DEBUG:urllib3.connectionpool:"GET /v2/4bd533deb4b84c3b951b0f5702c31a70/flavors HTTP/1.1" 200 1209
INFO:urllib3.connectionpool:Starting new HTTP connection (1): controller
DEBUG:urllib3.connectionpool:Setting read timeout to None
DEBUG:urllib3.connectionpool:"GET /v2/4bd533deb4b84c3b951b0f5702c31a70/flavors/1 HTTP/1.1" 200 418
INFO:urllib3.connectionpool:Starting new HTTP connection (1): controller
DEBUG:urllib3.connectionpool:Setting read timeout to None
DEBUG:urllib3.connectionpool:"POST /v2/4bd533deb4b84c3b951b0f5702c31a70/servers HTTP/1.1" 202 436
INFO:urllib3.connectionpool:Starting new HTTP connection (1): controller
DEBUG:urllib3.connectionpool:Setting read timeout to None
DEBUG:urllib3.connectionpool:"GET /v2/4bd533deb4b84c3b951b0f5702c31a70/servers/3473fb4c-0411-4505-8396-ae3ef5e8396e HTTP/1.1" 200 1456
DEBUG:root:2015-09-20 10:06:46.468061 createvm : mn0ID : 3473fb4c-0411-4505-8396-ae3ef5e8396eBuild Success !!
DEBUG:root:2015-09-26 23:08:36.406143 createvm :  called...
INFO:urllib3.connectionpool:Starting new HTTP connection (1): controller
DEBUG:urllib3.connectionpool:Setting read timeout to None
DEBUG:urllib3.connectionpool:"POST /v2.0/tokens HTTP/1.1" 200 1447
INFO:urllib3.connectionpool:Starting new HTTP connection (1): controller
DEBUG:urllib3.connectionpool:Setting read timeout to None
DEBUG:urllib3.connectionpool:"GET /v2/4bd533deb4b84c3b951b0f5702c31a70/images HTTP/1.1" 200 541
INFO:urllib3.connectionpool:Starting new HTTP connection (1): controller
DEBUG:urllib3.connectionpool:Setting read timeout to None
DEBUG:urllib3.connectionpool:"GET /v2/4bd533deb4b84c3b951b0f5702c31a70/images/11565c96-b77b-49b4-aeeb-296867537e87 HTTP/1.1" 200 722
INFO:urllib3.connectionpool:Starting new HTTP connection (1): controller
DEBUG:urllib3.connectionpool:Setting read timeout to None
DEBUG:urllib3.connectionpool:"GET /v2/4bd533deb4b84c3b951b0f5702c31a70/flavors HTTP/1.1" 200 1209
INFO:urllib3.connectionpool:Starting new HTTP connection (1): controller
DEBUG:urllib3.connectionpool:Setting read timeout to None
DEBUG:urllib3.connectionpool:"GET /v2/4bd533deb4b84c3b951b0f5702c31a70/flavors/1 HTTP/1.1" 200 418
INFO:urllib3.connectionpool:Starting new HTTP connection (1): controller
DEBUG:urllib3.connectionpool:Setting read timeout to None
DEBUG:urllib3.connectionpool:"POST /v2/4bd533deb4b84c3b951b0f5702c31a70/servers HTTP/1.1" 202 436
INFO:urllib3.connectionpool:Starting new HTTP connection (1): controller
DEBUG:urllib3.connectionpool:Setting read timeout to None
DEBUG:urllib3.connectionpool:"GET /v2/4bd533deb4b84c3b951b0f5702c31a70/servers/cb0c197f-e2c2-4464-9961-8316c1730bf0 HTTP/1.1" 200 1454
DEBUG:root:2015-09-26 23:08:46.027497 createvm : 0ID : cb0c197f-e2c2-4464-9961-8316c1730bf0Build Success !!
DEBUG:root:2015-09-27 19:05:54.839068 createvm :  called...
INFO:urllib3.connectionpool:Starting new HTTP connection (1): controller
DEBUG:urllib3.connectionpool:Setting read timeout to None
DEBUG:urllib3.connectionpool:"POST /v2.0/tokens HTTP/1.1" 200 1447
INFO:urllib3.connectionpool:Starting new HTTP connection (1): controller
DEBUG:urllib3.connectionpool:Setting read timeout to None
DEBUG:urllib3.connectionpool:"GET /v2/4bd533deb4b84c3b951b0f5702c31a70/images HTTP/1.1" 200 541
INFO:urllib3.connectionpool:Starting new HTTP connection (1): controller
DEBUG:urllib3.connectionpool:Setting read timeout to None
DEBUG:urllib3.connectionpool:"GET /v2/4bd533deb4b84c3b951b0f5702c31a70/images/11565c96-b77b-49b4-aeeb-296867537e87 HTTP/1.1" 200 722
INFO:urllib3.connectionpool:Starting new HTTP connection (1): controller
DEBUG:urllib3.connectionpool:Setting read timeout to None
DEBUG:urllib3.connectionpool:"GET /v2/4bd533deb4b84c3b951b0f5702c31a70/flavors HTTP/1.1" 200 1209
INFO:urllib3.connectionpool:Starting new HTTP connection (1): controller
DEBUG:urllib3.connectionpool:Setting read timeout to None
DEBUG:urllib3.connectionpool:"GET /v2/4bd533deb4b84c3b951b0f5702c31a70/flavors/1 HTTP/1.1" 200 418
INFO:urllib3.connectionpool:Starting new HTTP connection (1): controller
DEBUG:urllib3.connectionpool:Setting read timeout to None
DEBUG:urllib3.connectionpool:"POST /v2/4bd533deb4b84c3b951b0f5702c31a70/servers HTTP/1.1" 202 436
INFO:urllib3.connectionpool:Starting new HTTP connection (1): controller
DEBUG:urllib3.connectionpool:Setting read timeout to None
DEBUG:urllib3.connectionpool:"GET /v2/4bd533deb4b84c3b951b0f5702c31a70/servers/8c5200af-57e0-4369-aa28-5d0744f3008e HTTP/1.1" 200 1457
DEBUG:root:2015-09-27 19:09:41.365167 createvm : vmx0ID : 8c5200af-57e0-4369-aa28-5d0744f3008eBuild Success !!
