DEBUG:root:2015-09-27 17:32:31.395328 createvm :  called initialization
INFO:urllib3.connectionpool:Starting new HTTP connection (1): controller
DEBUG:urllib3.connectionpool:Setting read timeout to None
DEBUG:urllib3.connectionpool:"POST /v2.0/tokens HTTP/1.1" 200 1447
INFO:urllib3.connectionpool:Starting new HTTP connection (1): controller
DEBUG:urllib3.connectionpool:Setting read timeout to None
DEBUG:urllib3.connectionpool:"GET /v2/4bd533deb4b84c3b951b0f5702c31a70/images HTTP/1.1" 200 541
INFO:urllib3.connectionpool:Starting new HTTP connection (1): controller
DEBUG:urllib3.connectionpool:Setting read timeout to None
DEBUG:urllib3.connectionpool:"GET /v2/4bd533deb4b84c3b951b0f5702c31a70/images/11565c96-b77b-49b4-aeeb-296867537e87 HTTP/1.1" 200 722
INFO:urllib3.connectionpool:Starting new HTTP connection (1): controller
DEBUG:urllib3.connectionpool:Setting read timeout to None
DEBUG:urllib3.connectionpool:"GET /v2/4bd533deb4b84c3b951b0f5702c31a70/flavors HTTP/1.1" 200 1209
INFO:urllib3.connectionpool:Starting new HTTP connection (1): controller
DEBUG:urllib3.connectionpool:Setting read timeout to None
DEBUG:urllib3.connectionpool:"GET /v2/4bd533deb4b84c3b951b0f5702c31a70/flavors/1 HTTP/1.1" 200 418
DEBUG:root:2015-09-27 17:33:47.866225 createvmd : end of initialization 
DEBUG:root:2015-09-27 17:33:47.920705 createvmd : is now demonized 
INFO:urllib3.connectionpool:Starting new HTTP connection (1): controller
DEBUG:urllib3.connectionpool:Setting read timeout to None
DEBUG:root:2015-09-27 17:34:50.283132 createvmd : some error while creating... deamon terminating itself
DEBUG:root:2015-09-27 17:34:50.528829 createvmd : dictionary - {}
